<?xml version="1.0" encoding="UTF-8"?>
<testng-results skipped="0" failed="0" total="1" passed="1">
  <reporter-output>
  </reporter-output>
  <suite name="TestSuiteByDiego" duration-ms="15982" started-at="2020-06-11T22:15:38Z" finished-at="2020-06-11T22:15:54Z">
    <groups>
    </groups>
    <test name="testngTest" duration-ms="15982" started-at="2020-06-11T22:15:38Z" finished-at="2020-06-11T22:15:54Z">
      <class name="com.integrationmaven.testng.FirstExampleWithTestNG">
        <test-method status="PASS" signature="beforeClass()[pri:0, instance:com.integrationmaven.testng.FirstExampleWithTestNG@51565ec2]" name="beforeClass" is-config="true" duration-ms="9361" started-at="2020-06-11T17:15:38Z" finished-at="2020-06-11T17:15:47Z">
          <reporter-output>
          </reporter-output>
        </test-method> <!-- beforeClass -->
        <test-method status="PASS" signature="searchAndroidInfo()[pri:0, instance:com.integrationmaven.testng.FirstExampleWithTestNG@51565ec2]" name="searchAndroidInfo" duration-ms="2160" started-at="2020-06-11T17:15:47Z" finished-at="2020-06-11T17:15:49Z">
          <reporter-output>
          </reporter-output>
        </test-method> <!-- searchAndroidInfo -->
        <test-method status="PASS" signature="afterClass()[pri:0, instance:com.integrationmaven.testng.FirstExampleWithTestNG@51565ec2]" name="afterClass" is-config="true" duration-ms="4435" started-at="2020-06-11T17:15:49Z" finished-at="2020-06-11T17:15:54Z">
          <reporter-output>
          </reporter-output>
        </test-method> <!-- afterClass -->
      </class> <!-- com.integrationmaven.testng.FirstExampleWithTestNG -->
    </test> <!-- testngTest -->
  </suite> <!-- TestSuiteByDiego -->
</testng-results>
